{
  "stats": {
    "suites": 1,
    "tests": 1,
    "passes": 1,
    "pending": 0,
    "failures": 0,
    "start": "2024-07-04T07:12:48.807Z",
    "end": "2024-07-04T07:12:57.216Z",
    "duration": 8409,
    "testsRegistered": 1,
    "passPercent": 100,
    "pendingPercent": 0,
    "other": 0,
    "hasOther": false,
    "skipped": 0,
    "hasSkipped": false
  },
  "results": [
    {
      "uuid": "2936fb15-655d-4c19-b497-e00aa3095438",
      "title": "",
      "fullFile": "cypress\\e2e\\14CustomCommand.cy.js",
      "file": "cypress\\e2e\\14CustomCommand.cy.js",
      "beforeHooks": [],
      "afterHooks": [],
      "tests": [],
      "suites": [
        {
          "uuid": "b6f87adf-f648-440a-9e87-89a6da3e43f6",
          "title": "custtom commands",
          "fullFile": "",
          "file": "",
          "beforeHooks": [],
          "afterHooks": [],
          "tests": [
            {
              "title": "login custom command",
              "fullTitle": "custtom commands login custom command",
              "timedOut": null,
              "duration": 4167,
              "state": "passed",
              "speed": "fast",
              "pass": true,
              "fail": false,
              "pending": false,
              "context": null,
              "code": "cy.visit('https://demo.nopcommerce.com/');\ncy.clickLink('Log in');\ncy.loginApp('testing@gmail.com', 'test123');\ncy.xpath('//a[.=\"My account\"]').should('have.text', 'My account');",
              "err": {},
              "uuid": "c0206b39-7f6e-4ab1-ad16-65fc477b52af",
              "parentUUID": "b6f87adf-f648-440a-9e87-89a6da3e43f6",
              "isHook": false,
              "skipped": false
            }
          ],
          "suites": [],
          "passes": [
            "c0206b39-7f6e-4ab1-ad16-65fc477b52af"
          ],
          "failures": [],
          "pending": [],
          "skipped": [],
          "duration": 4167,
          "root": false,
          "rootEmpty": false,
          "_timeout": 2000
        }
      ],
      "passes": [],
      "failures": [],
      "pending": [],
      "skipped": [],
      "duration": 0,
      "root": true,
      "rootEmpty": true,
      "_timeout": 2000
    }
  ],
  "meta": {
    "mocha": {
      "version": "7.0.1"
    },
    "mochawesome": {
      "options": {
        "quiet": false,
        "reportFilename": "mochawesome",
        "saveHtml": false,
        "saveJson": true,
        "consoleReporter": "spec",
        "useInlineDiffs": false,
        "code": true
      },
      "version": "7.1.3"
    },
    "marge": {
      "options": {
        "overwrite": false,
        "html": false,
        "json": true,
        "reportDir": "cypress\\reports\\html\\.jsons"
      },
      "version": "6.2.0"
    }
  }
}