{
  "stats": {
    "suites": 1,
    "tests": 1,
    "passes": 1,
    "pending": 0,
    "failures": 0,
    "start": "2024-07-04T07:11:57.776Z",
    "end": "2024-07-04T07:12:26.474Z",
    "duration": 28698,
    "testsRegistered": 1,
    "passPercent": 100,
    "pendingPercent": 0,
    "other": 0,
    "hasOther": false,
    "skipped": 0,
    "hasSkipped": false
  },
  "results": [
    {
      "uuid": "7472c41d-4b37-4d6a-acf0-da9db7aca372",
      "title": "",
      "fullFile": "cypress\\e2e\\12Fixtures.cy.js",
      "file": "cypress\\e2e\\12Fixtures.cy.js",
      "beforeHooks": [],
      "afterHooks": [],
      "tests": [],
      "suites": [
        {
          "uuid": "6c197164-1b0c-4153-80fd-7e9b558eaab3",
          "title": "fixtures",
          "fullFile": "",
          "file": "",
          "beforeHooks": [],
          "afterHooks": [],
          "tests": [
            {
              "title": "fixture data: though hook",
              "fullTitle": "fixtures fixture data: though hook",
              "timedOut": null,
              "duration": 24835,
              "state": "passed",
              "speed": "slow",
              "pass": true,
              "fail": false,
              "pending": false,
              "context": null,
              "code": "cy.visit('https://opensource-demo.orangehrmlive.com/web/index.php/auth/login');\ncy.xpath(\"//input[@placeholder='Username']\").type(userData.username);\ncy.xpath('//input[@placeholder=\"Password\"]').type(userData.password);\ncy.xpath(\"//button[normalize-space()='Login']\").click();\ncy.xpath(\"//h6[normalize-space()='Dashboard']\").should('have.text', userData.expected);",
              "err": {},
              "uuid": "d18a33f3-c24e-4f16-b83c-d3ab187b699f",
              "parentUUID": "6c197164-1b0c-4153-80fd-7e9b558eaab3",
              "isHook": false,
              "skipped": false
            }
          ],
          "suites": [],
          "passes": [
            "d18a33f3-c24e-4f16-b83c-d3ab187b699f"
          ],
          "failures": [],
          "pending": [],
          "skipped": [],
          "duration": 24835,
          "root": false,
          "rootEmpty": false,
          "_timeout": 2000
        }
      ],
      "passes": [],
      "failures": [],
      "pending": [],
      "skipped": [],
      "duration": 0,
      "root": true,
      "rootEmpty": true,
      "_timeout": 2000
    }
  ],
  "meta": {
    "mocha": {
      "version": "7.0.1"
    },
    "mochawesome": {
      "options": {
        "quiet": false,
        "reportFilename": "mochawesome",
        "saveHtml": false,
        "saveJson": true,
        "consoleReporter": "spec",
        "useInlineDiffs": false,
        "code": true
      },
      "version": "7.1.3"
    },
    "marge": {
      "options": {
        "overwrite": false,
        "html": false,
        "json": true,
        "reportDir": "cypress\\reports\\html\\.jsons"
      },
      "version": "6.2.0"
    }
  }
}