{
  "stats": {
    "suites": 1,
    "tests": 1,
    "passes": 1,
    "pending": 0,
    "failures": 0,
    "start": "2024-07-04T07:11:25.825Z",
    "end": "2024-07-04T07:11:52.125Z",
    "duration": 26300,
    "testsRegistered": 1,
    "passPercent": 100,
    "pendingPercent": 0,
    "other": 0,
    "hasOther": false,
    "skipped": 0,
    "hasSkipped": false
  },
  "results": [
    {
      "uuid": "0df461f6-220c-4de7-aa44-44ad70af3fc0",
      "title": "",
      "fullFile": "cypress\\e2e\\10FileUpload.cy.js",
      "file": "cypress\\e2e\\10FileUpload.cy.js",
      "beforeHooks": [],
      "afterHooks": [],
      "tests": [],
      "suites": [
        {
          "uuid": "bdd482c8-2cbe-46b3-8ab3-7a92f660ef16",
          "title": "file upload",
          "fullFile": "",
          "file": "",
          "beforeHooks": [],
          "afterHooks": [],
          "tests": [
            {
              "title": "file upload shadow dom",
              "fullTitle": "file upload file upload shadow dom",
              "timedOut": null,
              "duration": 22222,
              "state": "passed",
              "speed": "slow",
              "pass": true,
              "fail": false,
              "pending": false,
              "context": null,
              "code": "cy.visit('https://www.htmlelements.com/demos/fileupload/shadow-dom/index.htm');\ncy.get('.smart-browse-input', {\n  includeShadowDom: true\n}).attachFile('test1.pdf');\n//this smart-browse-input tyoe class found inside shadowdom\ncy.wait(2000);\ncy.get('.smart-item-name', {\n  includeShadowDom: true\n}).contains('test1.pdf');",
              "err": {},
              "uuid": "a5b496eb-42d9-4510-9115-0b81aa79bacb",
              "parentUUID": "bdd482c8-2cbe-46b3-8ab3-7a92f660ef16",
              "isHook": false,
              "skipped": false
            }
          ],
          "suites": [],
          "passes": [
            "a5b496eb-42d9-4510-9115-0b81aa79bacb"
          ],
          "failures": [],
          "pending": [],
          "skipped": [],
          "duration": 22222,
          "root": false,
          "rootEmpty": false,
          "_timeout": 2000
        }
      ],
      "passes": [],
      "failures": [],
      "pending": [],
      "skipped": [],
      "duration": 0,
      "root": true,
      "rootEmpty": true,
      "_timeout": 2000
    }
  ],
  "meta": {
    "mocha": {
      "version": "7.0.1"
    },
    "mochawesome": {
      "options": {
        "quiet": false,
        "reportFilename": "mochawesome",
        "saveHtml": false,
        "saveJson": true,
        "consoleReporter": "spec",
        "useInlineDiffs": false,
        "code": true
      },
      "version": "7.1.3"
    },
    "marge": {
      "options": {
        "overwrite": false,
        "html": false,
        "json": true,
        "reportDir": "cypress\\reports\\html\\.jsons"
      },
      "version": "6.2.0"
    }
  }
}