{
  "stats": {
    "suites": 1,
    "tests": 1,
    "passes": 1,
    "pending": 0,
    "failures": 0,
    "start": "2024-07-04T07:12:29.432Z",
    "end": "2024-07-04T07:12:46.319Z",
    "duration": 16887,
    "testsRegistered": 1,
    "passPercent": 100,
    "pendingPercent": 0,
    "other": 0,
    "hasOther": false,
    "skipped": 0,
    "hasSkipped": false
  },
  "results": [
    {
      "uuid": "d561701a-b99e-49d6-9d9d-a7c159c98796",
      "title": "",
      "fullFile": "cypress\\e2e\\13DataDrivenTest.cy.js",
      "file": "cypress\\e2e\\13DataDrivenTest.cy.js",
      "beforeHooks": [],
      "afterHooks": [],
      "tests": [],
      "suites": [
        {
          "uuid": "479f8c74-c342-4e7d-9b11-e89b0dc9590c",
          "title": "data driven test",
          "fullFile": "",
          "file": "",
          "beforeHooks": [],
          "afterHooks": [],
          "tests": [
            {
              "title": "using multiple use details",
              "fullTitle": "data driven test using multiple use details",
              "timedOut": null,
              "duration": 14084,
              "state": "passed",
              "speed": "slow",
              "pass": true,
              "fail": false,
              "pending": false,
              "context": null,
              "code": "cy.visit('https://opensource-demo.orangehrmlive.com/web/index.php/auth/login');\ncy.fixture(\"orangeHrm2\").then(data => {\n  data.forEach(userData => {\n    cy.xpath(\"//input[@placeholder='Username']\").type(userData.username);\n    cy.xpath('//input[@placeholder=\"Password\"]').type(userData.password);\n    cy.xpath(\"//button[normalize-space()='Login']\").click();\n    if (userData.username == \"Admin\" && userData.password == 'admin123') {\n      cy.xpath(\"//h6[normalize-space()='Dashboard']\").should('have.text', userData.expected);\n      cy.get('.oxd-userdropdown-tab > .oxd-icon').click(); //logout\n      cy.xpath(\"//a[normalize-space()='Logout']\").click(); //logout \n    } else {\n      cy.xpath('//p[@class=\"oxd-text oxd-text--p oxd-alert-content-text\"]').should('contain', userData.expected);\n    }\n  });\n});",
              "err": {},
              "uuid": "ea59e351-3680-4dec-935f-fccd05649976",
              "parentUUID": "479f8c74-c342-4e7d-9b11-e89b0dc9590c",
              "isHook": false,
              "skipped": false
            }
          ],
          "suites": [],
          "passes": [
            "ea59e351-3680-4dec-935f-fccd05649976"
          ],
          "failures": [],
          "pending": [],
          "skipped": [],
          "duration": 14084,
          "root": false,
          "rootEmpty": false,
          "_timeout": 2000
        }
      ],
      "passes": [],
      "failures": [],
      "pending": [],
      "skipped": [],
      "duration": 0,
      "root": true,
      "rootEmpty": true,
      "_timeout": 2000
    }
  ],
  "meta": {
    "mocha": {
      "version": "7.0.1"
    },
    "mochawesome": {
      "options": {
        "quiet": false,
        "reportFilename": "mochawesome",
        "saveHtml": false,
        "saveJson": true,
        "consoleReporter": "spec",
        "useInlineDiffs": false,
        "code": true
      },
      "version": "7.1.3"
    },
    "marge": {
      "options": {
        "overwrite": false,
        "html": false,
        "json": true,
        "reportDir": "cypress\\reports\\html\\.jsons"
      },
      "version": "6.2.0"
    }
  }
}